  م عبدالرحمن قاسم صالح   
  فئة ثانية 
فقط هذا الكلام للمرحلة 30  
ليش ما جربت المرحلة 20
لانو انقهرت من وقت الرن انا عندي ساعتين و غيري 
4 ثواني
و بالرغم انا مستعمل مكتبة numpy
اذا  سمحتي و كان عندك وقت شوفي بنية اللععبة 

 اسم الملف البنية هو state

 
algorithm 
1- pfs 
 time: 120 m
 lenth path:12
 visited_array=85 k
 space:-------
###############################
2- dfs 
 time: 40 m
 lenth path:------
 visited_array=120 k and  i stop running
 space:------- 
 #################################
3- astar 
 time: 50 m
 lenth path:-------
 visited_array=63 k and  i stop running
 space:-------
 #################################
 4- UCS 
 time: 78 m
 lenth path:------
 visited_array=100 k and  i stop running
 space:------- 
 #################################

 5- dfs re 
 time: ------
 lenth path:------
 visited_array=-------
 space:------- 
 #################################
 بتوقع عندي مشكلة بالتنفيذ لانو بياخذ وقت طويل و ما بقدر اجرب كل الخوارزميات لانو الشحن  اللابتوب يسعى للصفر


 والله عم اكتبلك هذا الكلام و اللابتوب عم يعمل رن و صار زاير 72420
 خلية باستخدام خوارزمية 
 A_star
  شكرا لك لانك وصلتي بالقراءة ل هنا 